make all --print-data-base --no-builtin-variables --no-builtin-rules --question
# GNU Make 4.2.1
# Built for x86_64-pc-linux-gnu
# Copyright (C) 1988-2016 Free Software Foundation, Inc.
# License GPLv3+: GNU GPL version 3 or later <http://gnu.org/licenses/gpl.html>
# This is free software: you are free to change and redistribute it.
# There is NO WARRANTY, to the extent permitted by law.

# Make data base, printed on Tue Mar  1 11:21:08 2022

# Variables

# 'override' directive
GNUMAKEFLAGS := 
# automatic
<D = $(patsubst %/,%,$(dir $<))
# automatic
?F = $(notdir $?)
# environment
DESKTOP_SESSION = ubuntu
# default
.SHELLFLAGS := -c
# environment
XDG_SESSION_CLASS = user
# environment
SNAP_COMMON = /var/snap/code/common
# environment
XDG_SESSION_TYPE = x11
# environment
VSCODE_LOG_NATIVE = false
# automatic
?D = $(patsubst %/,%,$(dir $?))
# environment
IM_CONFIG_PHASE = 1
# makefile (from 'Makefile', line 9)
RELIC_INCLUDE_BLS_12_381 = usr/local/include/
# automatic
@D = $(patsubst %/,%,$(dir $@))
# environment
XAUTHORITY = /run/user/1000/gdm/Xauthority
# environment
GDMSESSION = ubuntu
# environment
XMODIFIERS = @im=ibus
# makefile
CURDIR := /home/benjamin/Master-Thesis/code/thesis_code
# makefile
SHELL = /bin/sh
# environment
SNAP_DATA = /var/snap/code/88
# environment
VSCODE_NLS_CONFIG = {"locale":"en-us","availableLanguages":{},"_languagePackSupport":true}
# environment
JOURNAL_STREAM = 8:44004
# environment
XDG_CONFIG_DIRS = /etc/xdg/xdg-ubuntu:/etc/xdg
# environment
SNAP_INSTANCE_NAME = code
# environment
SNAP_ARCH = amd64
# makefile (from 'Makefile', line 1)
MAKEFILE_LIST :=  Makefile
# automatic
@F = $(notdir $@)
# environment
GIO_LAUNCHED_DESKTOP_FILE = /var/lib/snapd/desktop/applications/code_code.desktop
# environment
USERNAME = benjamin
# makefile (from 'Makefile', line 5)
CXXFLAGS = -O3 -funroll-loops -fomit-frame-pointer -finline-small-functions -march=native -mtune=native 
# environment
XDG_DATA_DIRS = /usr/share/ubuntu:/usr/local/share/:/usr/share/:/var/lib/snapd/desktop
# environment
DBUS_SESSION_BUS_ADDRESS = unix:path=/run/user/1000/bus
# environment
VSCODE_VERBOSE_LOGGING = true
# environment
_ = /snap/code/88/usr/share/code/code
# environment
MANAGERPID = 1356
# environment
LESSOPEN = | /usr/bin/lesspipe %s
# environment
VSCODE_CWD = /home/benjamin
# environment
GSETTINGS_SCHEMA_DIR = /snap/code/88/usr/share/glib-2.0/schemas
# default
MAKE_HOST := x86_64-pc-linux-gnu
# environment
PATH = /usr/local/sbin:/usr/local/bin:/usr/sbin:/usr/bin:/sbin:/bin:/usr/games:/usr/local/games:/snap/bin
# environment
GPG_AGENT_INFO = /run/user/1000/gnupg/S.gpg-agent:0:1
# environment
SESSION_MANAGER = local/benjamin-thinkpad:@/tmp/.ICE-unix/1570,unix/benjamin-thinkpad:/tmp/.ICE-unix/1570
# environment
XDG_RUNTIME_DIR = /run/user/1000
# environment
GDK_PIXBUF_MODULE_FILE = /home/benjamin/snap/code/common/.cache/gdk-pixbuf-loaders.cache
# environment
SNAP = /snap/code/88
# environment
SNAP_VERSION = f80445ac
# environment
XDG_MENU_PREFIX = gnome-
# environment
VSCODE_LOG_STACK = false
# environment
DISABLE_WAYLAND = 1
# environment
VSCODE_CRASH_REPORTER_START_OPTIONS = {"companyName":"Microsoft","productName":"VSCode","submitURL":"appcenter://code?aid=fba07a4d-84bd-4fc8-a125-9640fc8ce171&uid=9ba060e0-bb7b-4408-b31f-abc262f90ebe&iid=9ba060e0-bb7b-4408-b31f-abc262f90ebe&sid=9ba060e0-bb7b-4408-b31f-abc262f90ebe","uploadToServer":true}
# environment
INVOCATION_ID = 3bc54e72d00e425ab532888fad73bf3e
# environment
GDK_PIXBUF_MODULEDIR = /snap/code/88/usr/lib/x86_64-linux-gnu/gdk-pixbuf-2.0/2.10.0/loaders
# default
.FEATURES := target-specific order-only second-expansion else-if shortest-stem undefine oneshell archives jobserver output-sync check-symlink load
# environment
LS_COLORS = 
# environment
XDG_SESSION_DESKTOP = ubuntu
# environment
SSH_AUTH_SOCK = /run/user/1000/keyring/ssh
# environment
GIO_LAUNCHED_DESKTOP_FILE_PID = 5762
# automatic
%F = $(notdir $%)
# environment
DISPLAY = :0
# makefile (from 'Makefile', line 8)
RELIC_LIB_BLS_12_381 = /usr/local/lib/librelic_s.a
# environment
VSCODE_PIPE_LOGGING = true
# environment
SNAP_INSTANCE_KEY = 
# environment
PWD = /home/benjamin/Master-Thesis/code/thesis_code
# default
.LOADED := 
# environment
SSH_AGENT_PID = 1532
# makefile (from 'Makefile', line 13)
POLICY_OBJ = policy_tree.o
# environment
ORIGINAL_XDG_CURRENT_DESKTOP = ubuntu:GNOME
# environment
 
GTK_MODULES = gail:atk-bridge
# environment
VSCODE_AMD_ENTRYPOINT = vs/workbench/services/extensions/node/extensionHostProcess
# environment
HOME = /home/benjamin
# environment
LESSCLOSE = /usr/bin/lesspipe %s %s
# environment
VSCODE_CLI = 1
# environment
VSCODE_CODE_CACHE_PATH = /home/benjamin/.config/Code/CachedData/f80445acd5a3dadef24aa209168452a3d97cc326
# environment
LOGNAME = benjamin
# environment
APPLICATION_INSIGHTS_NO_DIAGNOSTIC_CHANNEL = 1
# environment
SNAP_LIBRARY_PATH = /var/lib/snapd/lib/gl:/var/lib/snapd/lib/gl32:/var/lib/snapd/void
# environment
SNAP_CONTEXT = h5Hv6cth6LfqmJBCh2rJMKCdtDktzb0IKsTYdgc9EDHhf5ErOVl7
# environment
ELECTRON_NO_ATTACH_CONSOLE = 1
# makefile (from 'Makefile', line 12)
LEGACY_OBJ = l_zobject.o l_zfunctioninput.o l_zattributelist.o l_zpolicy.o l_zdriver.o zscanner.o zparser.tab.o l_zgroup.o l_zelement.o l_zelement_bp.o l_zlsss.o
# environment
SNAP_USER_COMMON = /home/benjamin/snap/code/common
# environment
VSCODE_HANDLES_UNCAUGHT_ERRORS = true
# environment
GNOME_DESKTOP_SESSION_ID = this-is-deprecated
# automatic
^D = $(patsubst %/,%,$(dir $^))
# environment
MAKELEVEL := 0
# environment
SNAP_REAL_HOME = /home/benjamin
# default
MAKE = $(MAKE_COMMAND)
# default
MAKECMDGOALS := all
# environment
QT_IM_MODULE = ibus
# environment
SNAP_USER_DATA = /home/benjamin/snap/code/88
# environment
SHLVL = 0
# environment
GNOME_SHELL_SESSION_MODE = ubuntu
# environment
VSCODE_IPC_HOOK_EXTHOST = /run/user/1000/vscode-ipc-7d519acf-9d7a-4069-af93-0482f35be6a1.sock
# default
MAKE_VERSION := 4.2.1
# environment
USER = benjamin
# environment
SNAP_REVISION = 88
# makefile
.DEFAULT_GOAL := main
# environment
XDG_CURRENT_DESKTOP = Unity
# automatic
%D = $(patsubst %/,%,$(dir $%))
# default
MAKE_COMMAND := make
# default
.VARIABLES := 
# automatic
*F = $(notdir $*)
# environment
LANGUAGE = en_US:en
# environment
VSCODE_IPC_HOOK = /run/user/1000/vscode-46f9db78-1.64.2-main.sock
# environment
BAMF_DESKTOP_FILE_HINT = /var/lib/snapd/desktop/applications/code_code.desktop
# makefile
MAKEFLAGS = pqrR
# environment
MFLAGS = -pqrR
# automatic
*D = $(patsubst %/,%,$(dir $*))
# environment
BREAKPAD_DUMP_LOCATION = /home/benjamin/.config/Code/exthost Crash Reports
# automatic
+D = $(patsubst %/,%,$(dir $+))
# environment
GDK_BACKEND = x11
# automatic
+F = $(notdir $+)
# makefile (from 'Makefile', line 11)
ARITH_OBJ = zp_arith.o g1_arith.o g2_arith.o gt_arith.o structures.o pairing_arith.o
# environment
QT_ACCESSIBILITY = 1
# default
MAKEFILES := 
# environment
SNAP_COOKIE = h5Hv6cth6LfqmJBCh2rJMKCdtDktzb0IKsTYdgc9EDHhf5ErOVl7
# automatic
<F = $(notdir $<)
# environment
ELECTRON_RUN_AS_NODE = 1
# makefile (from 'Makefile', line 6)
CXX = g++
# environment
SNAP_NAME = code
# environment
LC_ALL = C
# environment
GJS_DEBUG_TOPICS = JS ERROR;JS LOG
# automatic
^F = $(notdir $^)
# default
SUFFIXES := 
# environment
SNAP_REEXEC = 
# environment
CHROME_DESKTOP = code-url-handler.desktop
# environment
WINDOWPATH = 2
# default
.INCLUDE_DIRS = /usr/include /usr/local/include /usr/include
# environment
GJS_DEBUG_OUTPUT = stderr
# default
.RECIPEPREFIX := 
# environment
LANG = C
# environment
VSCODE_PID = 5799
# variable set hash-table stats:
# Load=130/1024=13%, Rehash=0, Collisions=19/155=12%

# Pattern-specific Variable Values

# No pattern-specific variable values.

# Directories

# . (device 66306, inode 5638492): 14 files, no impossibilities.

# 14 files, no impossibilities in 1 directories.

# Implicit Rules

# No implicit rules.

# Files

policy_tree:
#  Implicit rule search has not been done.
#  Modification time never checked.
#  File has not been updated.
#  recipe to execute (from 'Makefile', line 39):
	$(info ************  Compiling Policy Tree Test************)
	g++ $(CXXFLAGS) -c lib/policy/policy_tree.cpp -I$(RELIC_INCLUDE_BLS_12_381)
	$(CXX) -o objects/main $(CXXFLAGS) $(POLICY_OBJ) -I$(RELIC_INCLUDE_BLS_12_381) test_access_tree.cpp $(RELIC_LIB_BLS_12_381) -lgmp
	rm *.o
	

all:
#  Phony target (prerequisite of .PHONY).
#  Command line target.
#  Implicit rule search has not been done.
#  File does not exist.
#  File has been updated.
#  Successfully updated.

.PHONY: all clean
#  Implicit rule search has not been done.
#  Modification time never checked.
#  File has not been updated.

# Not a target:
Makefile:
#  Implicit rule search has been done.
#  Last modified 2022-03-01 11:21:06.858873189
#  File has been updated.
#  Successfully updated.

# Not a target:
.DEFAULT:
#  Implicit rule search has not been done.
#  Modification time never checked.
#  File has not been updated.

clean:
#  Phony target (prerequisite of .PHONY).
#  Implicit rule search has not been done.
#  File does not exist.
#  File has not been updated.
#  recipe to execute (from 'Makefile', line 45):
	rm -f objects/* main *~

main:
#  Implicit rule search has not been done.
#  Modification time never checked.
#  File has not been updated.
#  recipe to execute (from 'Makefile', line 16):
	$(info ************  Compiling ************)
	g++ $(CXXFLAGS) -c lib/policy/policy_tree.cpp -I$(RELIC_INCLUDE_BLS_12_381)
	g++ $(CXXFLAGS) -c lib/zp_arith.c -I$(RELIC_INCLUDE_BLS_12_381) 
	g++ $(CXXFLAGS) -c lib/g1_arith.c -I$(RELIC_INCLUDE_BLS_12_381) 
	g++ $(CXXFLAGS) -c lib/g2_arith.c -I$(RELIC_INCLUDE_BLS_12_381)
	g++ $(CXXFLAGS) -c lib/gt_arith.c -I$(RELIC_INCLUDE_BLS_12_381)
	g++ $(CXXFLAGS) -c lib/structures.c -I$(RELIC_INCLUDE_BLS_12_381)
	g++ $(CXXFLAGS) -c lib/pairing_arith.c -I$(RELIC_INCLUDE_BLS_12_381)
	g++ $(CXXFLAGS) -c legacy/l_zobject.cpp 
	g++ $(CXXFLAGS) -c legacy/l_zfunctioninput.cpp 
	g++ $(CXXFLAGS) -c legacy/l_zattributelist.cpp  
	g++ $(CXXFLAGS) -c legacy/l_zpolicy.cpp
	g++ $(CXXFLAGS) -c legacy/parser/l_zdriver.cpp
	g++ $(CXXFLAGS) -c legacy/parser/zscanner.cpp 
	g++ $(CXXFLAGS) -c legacy/parser/zparser.tab.cc
	g++ $(CXXFLAGS) -c legacy/arith/l_zgroup.cpp
	cc $(CXXFLAGS) -I$(RELIC_INCLUDE_BLS_12_381) -fPIC  -O3 -DSSL_LIB_INIT  -Wno-implicit-function-declaration  -c legacy/arith/l_zelement.c -o l_zelement.o
	g++ $(CXXFLAGS) -c legacy/arith/l_zelement_bp.cpp -I$(RELIC_INCLUDE_BLS_12_381)
	g++ $(CXXFLAGS) -c legacy/lsss/l_zlsss.cpp -I$(RELIC_INCLUDE_BLS_12_381)
	$(CXX) -o objects/main $(CXXFLAGS) $(ARITH_OBJ) $(POLICY_OBJ) $(LEGACY_OBJ) -I$(RELIC_INCLUDE_BLS_12_381) test_access_tree.cpp $(RELIC_LIB_BLS_12_381) -lgmp
	rm *.o	

# files hash-table stats:
# Load=8/1024=1%, Rehash=0, Collisions=0/21=0%
# VPATH Search Paths

# No 'vpath' search paths.

# No general ('VPATH' variable) search path.

# strcache buffers: 1 (0) / strings = 23 / storage = 207 B / avg = 9 B
# current buf: size = 8162 B / used = 207 B / count = 23 / avg = 9 B

# strcache performance: lookups = 33 / hit rate = 30%
# hash-table stats:
# Load=23/8192=0%, Rehash=0, Collisions=1/33=3%
# Finished Make data base on Tue Mar  1 11:21:08 2022

 
